{
  "stats": {
    "suites": 1,
    "tests": 4,
    "passes": 4,
    "pending": 0,
    "failures": 0,
    "start": "2022-08-13T17:01:41.365Z",
    "end": "2022-08-13T17:01:45.068Z",
    "duration": 3703,
    "testsRegistered": 4,
    "passPercent": 100,
    "pendingPercent": 0,
    "other": 0,
    "hasOther": false,
    "skipped": 0,
    "hasSkipped": false
  },
  "results": [
    {
      "uuid": "ef03023c-058d-4758-8d98-47c46e059dca",
      "title": "",
      "fullFile": "/Users/rikykhoerul/Desktop/tabsquare-test-rikyachmad/tabsquareapi/test/employee_test.js",
      "file": "/test/employee_test.js",
      "beforeHooks": [],
      "afterHooks": [],
      "tests": [],
      "suites": [
        {
          "uuid": "99cbd85b-24b8-40b1-abd6-ac48e9d9876f",
          "title": "@get As a User , I want to be able see data employee tabsquare",
          "fullFile": "/Users/rikykhoerul/Desktop/tabsquare-test-rikyachmad/tabsquareapi/test/employee_test.js",
          "file": "/test/employee_test.js",
          "beforeHooks": [],
          "afterHooks": [],
          "tests": [
            {
              "title": "@get As a User, I want to be able got name company",
              "fullTitle": "@get As a User , I want to be able see data employee tabsquare @get As a User, I want to be able got name company",
              "timedOut": false,
              "duration": 1322,
              "state": "passed",
              "speed": "slow",
              "pass": true,
              "fail": false,
              "pending": false,
              "context": null,
              "code": "const response = await page.getEmployee();\nassert(response.status).to.equal(200);\nassert(response.body.company).to.equal(data.respone.company);",
              "err": {},
              "uuid": "049d5185-4fc1-4c1c-a4e0-77311db6251a",
              "parentUUID": "99cbd85b-24b8-40b1-abd6-ac48e9d9876f",
              "isHook": false,
              "skipped": false
            },
            {
              "title": "@get As a User, I want to be able got Address company",
              "fullTitle": "@get As a User , I want to be able see data employee tabsquare @get As a User, I want to be able got Address company",
              "timedOut": false,
              "duration": 771,
              "state": "passed",
              "speed": "slow",
              "pass": true,
              "fail": false,
              "pending": false,
              "context": null,
              "code": "const response = await page.getEmployee();\nassert(response.status).to.equal(200);\nassert(response.body.address).to.equal(data.respone.address);",
              "err": {},
              "uuid": "fa9f53b8-be37-486e-a7fb-ba73a815ebbe",
              "parentUUID": "99cbd85b-24b8-40b1-abd6-ac48e9d9876f",
              "isHook": false,
              "skipped": false
            },
            {
              "title": "@get As a User, I want to be able got employee details",
              "fullTitle": "@get As a User , I want to be able see data employee tabsquare @get As a User, I want to be able got employee details",
              "timedOut": false,
              "duration": 831,
              "state": "passed",
              "speed": "slow",
              "pass": true,
              "fail": false,
              "pending": false,
              "context": null,
              "code": "const response = await page.getEmployee();\nassert(response.status).to.equal(200);\nassert(response.body.employeeDetails[0].firstName).to.equal(data.respone.employeeDetails[0].firstName);\nassert(response.body.employeeDetails[0].lastName).to.equal(data.respone.employeeDetails[0].lastName);\nassert(response.body.employeeDetails[0].DOB).to.equal(data.respone.employeeDetails[0].DOB);",
              "err": {},
              "uuid": "98340485-71eb-45ec-901d-4145a59eb614",
              "parentUUID": "99cbd85b-24b8-40b1-abd6-ac48e9d9876f",
              "isHook": false,
              "skipped": false
            },
            {
              "title": "@get As a User, I want to be able got employee details",
              "fullTitle": "@get As a User , I want to be able see data employee tabsquare @get As a User, I want to be able got employee details",
              "timedOut": false,
              "duration": 771,
              "state": "passed",
              "speed": "slow",
              "pass": true,
              "fail": false,
              "pending": false,
              "context": null,
              "code": "const response = await page.getEmployee();\nassert(response.status).to.equal(200);\nassert(response.body.employeeDetails[1].firstName).to.equal(data.respone.employeeDetails[1].firstName);\nassert(response.body.employeeDetails[1].lastName).to.equal(data.respone.employeeDetails[1].lastName);\nassert(response.body.employeeDetails[1].DOB).to.equal(data.respone.employeeDetails[1].DOB);",
              "err": {},
              "uuid": "84a4f05a-8397-442c-9187-f9e5fb988af3",
              "parentUUID": "99cbd85b-24b8-40b1-abd6-ac48e9d9876f",
              "isHook": false,
              "skipped": false
            }
          ],
          "suites": [],
          "passes": [
            "049d5185-4fc1-4c1c-a4e0-77311db6251a",
            "fa9f53b8-be37-486e-a7fb-ba73a815ebbe",
            "98340485-71eb-45ec-901d-4145a59eb614",
            "84a4f05a-8397-442c-9187-f9e5fb988af3"
          ],
          "failures": [],
          "pending": [],
          "skipped": [],
          "duration": 3695,
          "root": false,
          "rootEmpty": false,
          "_timeout": 180000
        }
      ],
      "passes": [],
      "failures": [],
      "pending": [],
      "skipped": [],
      "duration": 0,
      "root": true,
      "rootEmpty": true,
      "_timeout": 180000
    }
  ],
  "meta": {
    "mocha": {
      "version": "10.0.0"
    },
    "mochawesome": {
      "options": {
        "quiet": false,
        "reportFilename": "mochawesome",
        "saveHtml": true,
        "saveJson": true,
        "consoleReporter": "spec",
        "useInlineDiffs": false,
        "code": true
      },
      "version": "7.1.3"
    },
    "marge": {
      "options": {
        "reportDir": "reports/mochawesome/"
      },
      "version": "6.2.0"
    }
  }
}